-8
-14
-29
-26
-4
-28
-18
-19
-26
-19
-36
-32
-39
-69
-75
-76
-82
-78
-86
-83
-69
-58
-61
-60
-56
-61
-70
-70
-50
-43
-37
-49
-36
-45
-34
-51
-51
-52
-69
-62
-56
-45
-46
-54
-54
-49
-54
-53
-45
-34
-31
-23
-22
-31
-26
-22
-30
-22
-16
-20
-13
-32
-39
-31
-49
-35
-51
-39
-46
-32
-33
-29
-32
-28
-36
-34
-33
-32
-46
-43
-38
-20
-24
-24
-26
-35
-38
-29
-21
-12
-18
-21
-28
-20
-20
-17
-23
-13
-20
16
1
8
-9
-2
12
3
5
25
6
2
-15
-3
-8
-13
-6
-30
-21
2
-13
-11
-34
-15
-20
-8
-7
0
-13
-5
-4
4
7
17
21
-4
0
6
-7
11
4
2
-6
3
10
-9
0
9
14
5
10
-1
-8
-1
8
8
2
15
11
7
9
-5
4
-2
-6
4
-8
5
1
-14
-13
-4
13
18
17
13
22
23
14
36
24
12
21
12
18
5
-6
-13
7
2
14
6
20
1
11
33
14
20
23
22
21
25
28
21
19
25
9
17
37
21
35
33
43
51
46
46
60
46
44
40
48
35
39
35
41
21
33
20
32
21
34
21
33
44
42
48
54
44
38
43
41
48
40
23
27
27
30
39
49
53
54
46
51
45
49
54
38
40
46
46
54
46
38
45
56
62
64
69
61
55
60
49
57
50
54
66
66
61
46
56
54
56
34
57
46
40
38
54
40
45
38
38
62
63
42
34
44
51
50
55
43
55
64
56
50
48
58
56
48
41
57
59
44
53
55
84
115
81
76
83
72
68
85
78
94
92
82
96
89
92
85
94
93
99
109
110
104
90
104
108
88
115
99
97
102
91
104
109
88
92
109
91
89
109
99
107
112
88
106
110
99
86
85
91
87
92
95
90
78
96
96
84
101
79
90
94
95
111
93
104
95
103
104
104
90
99
102
91
103
95
94
100
106
92
109
106
99
93
90
89
89
101
79
100
95
102
96
101
104
88
95
97
99
106
99
89
85
94
93
81
95
87
95
89
95
92
94
93
90
82
101
101
112
107
100
102
87
88
85
99
88
81
93
77
91
86
86
81
85
82
73
89
93
86
87
91
84
94
114
97
89
91
104
93
91
73
91
78
90
98
98
101
103
96
90
91
97
93
103
85
96
93
82
100
93
86
103
101
90
88
100
102
105
102
102
112
99
95
99
93
102
143
